2025-05-17 21:05:14,332 - INFO - [INFO] Advanced Security Scanner started at 2025-05-17 21:05:14
2025-05-17 21:05:14,332 - INFO - [INFO] Advanced Security Scanner started at 2025-05-17 21:05:14
2025-05-17 21:05:14,332 - INFO - [INFO] Advanced Security Scanner started at 2025-05-17 21:05:14
2025-05-17 21:05:14,332 - INFO - [INFO] Advanced Security Scanner started at 2025-05-17 21:05:14
2025-05-17 21:05:14,332 - INFO - [INFO] Advanced Security Scanner started at 2025-05-17 21:05:14
2025-05-17 21:05:14,332 - INFO - [INFO] Advanced Security Scanner started at 2025-05-17 21:05:14
2025-05-17 21:05:14,332 - INFO - [INFO] Advanced Security Scanner started at 2025-05-17 21:05:14
2025-05-17 21:05:14,334 - INFO - [INFO] Target: scanme.nmap.org
2025-05-17 21:05:14,334 - INFO - [INFO] Target: scanme.nmap.org
2025-05-17 21:05:14,334 - INFO - [INFO] Target: scanme.nmap.org
2025-05-17 21:05:14,334 - INFO - [INFO] Target: scanme.nmap.org
2025-05-17 21:05:14,334 - INFO - [INFO] Target: scanme.nmap.org
2025-05-17 21:05:14,334 - INFO - [INFO] Target: scanme.nmap.org
2025-05-17 21:05:14,334 - INFO - [INFO] Target: scanme.nmap.org
2025-05-17 21:05:14,334 - INFO - [INFO] Scanning 1000 ports
2025-05-17 21:05:14,334 - INFO - [INFO] Scanning 1000 ports
2025-05-17 21:05:14,334 - INFO - [INFO] Scanning 1000 ports
2025-05-17 21:05:14,334 - INFO - [INFO] Scanning 1000 ports
2025-05-17 21:05:14,334 - INFO - [INFO] Scanning 1000 ports
2025-05-17 21:05:14,334 - INFO - [INFO] Scanning 1000 ports
2025-05-17 21:05:14,334 - INFO - [INFO] Scanning 1000 ports
2025-05-17 21:05:14,334 - INFO - [INFO] Starting port scan...
2025-05-17 21:05:14,334 - INFO - [INFO] Starting port scan...
2025-05-17 21:05:14,334 - INFO - [INFO] Starting port scan...
2025-05-17 21:05:14,334 - INFO - [INFO] Starting port scan...
2025-05-17 21:05:14,334 - INFO - [INFO] Starting port scan...
2025-05-17 21:05:14,334 - INFO - [INFO] Starting port scan...
2025-05-17 21:05:14,334 - INFO - [INFO] Starting port scan...
2025-05-17 21:05:14,335 - INFO - [INFO] Scanning 1000 ports on scanme.nmap.org with 10 threads
2025-05-17 21:05:14,335 - INFO - [INFO] Scanning 1000 ports on scanme.nmap.org with 10 threads
2025-05-17 21:05:14,335 - INFO - [INFO] Scanning 1000 ports on scanme.nmap.org with 10 threads
2025-05-17 21:05:14,335 - INFO - [INFO] Scanning 1000 ports on scanme.nmap.org with 10 threads
2025-05-17 21:05:14,335 - INFO - [INFO] Scanning 1000 ports on scanme.nmap.org with 10 threads
2025-05-17 21:05:14,335 - INFO - [INFO] Scanning 1000 ports on scanme.nmap.org with 10 threads
2025-05-17 21:05:14,335 - INFO - [INFO] Scanning 1000 ports on scanme.nmap.org with 10 threads
2025-05-17 21:05:17,375 - INFO - [SUCCESS] Port 22 is open
2025-05-17 21:05:17,375 - INFO - [SUCCESS] Port 22 is open
2025-05-17 21:05:17,375 - INFO - [SUCCESS] Port 22 is open
2025-05-17 21:05:17,375 - INFO - [SUCCESS] Port 22 is open
2025-05-17 21:05:17,375 - INFO - [SUCCESS] Port 22 is open
2025-05-17 21:05:17,375 - INFO - [SUCCESS] Port 22 is open
2025-05-17 21:05:17,375 - INFO - [SUCCESS] Port 22 is open
2025-05-17 21:05:22,438 - INFO - [SUCCESS] Port 80 is open
2025-05-17 21:05:22,438 - INFO - [SUCCESS] Port 80 is open
2025-05-17 21:05:22,438 - INFO - [SUCCESS] Port 80 is open
2025-05-17 21:05:22,438 - INFO - [SUCCESS] Port 80 is open
2025-05-17 21:05:22,438 - INFO - [SUCCESS] Port 80 is open
2025-05-17 21:05:22,438 - INFO - [SUCCESS] Port 80 is open
2025-05-17 21:05:22,438 - INFO - [SUCCESS] Port 80 is open
2025-05-17 21:06:55,438 - INFO - [INFO] Found 2 open ports
2025-05-17 21:06:55,438 - INFO - [INFO] Found 2 open ports
2025-05-17 21:06:55,438 - INFO - [INFO] Found 2 open ports
2025-05-17 21:06:55,438 - INFO - [INFO] Found 2 open ports
2025-05-17 21:06:55,438 - INFO - [INFO] Found 2 open ports
2025-05-17 21:06:55,438 - INFO - [INFO] Found 2 open ports
2025-05-17 21:06:55,438 - INFO - [INFO] Found 2 open ports
2025-05-17 21:06:55,438 - INFO - [INFO] Grabbing service banners...
2025-05-17 21:06:55,438 - INFO - [INFO] Grabbing service banners...
2025-05-17 21:06:55,438 - INFO - [INFO] Grabbing service banners...
2025-05-17 21:06:55,438 - INFO - [INFO] Grabbing service banners...
2025-05-17 21:06:55,438 - INFO - [INFO] Grabbing service banners...
2025-05-17 21:06:55,438 - INFO - [INFO] Grabbing service banners...
2025-05-17 21:06:55,438 - INFO - [INFO] Grabbing service banners...
2025-05-17 21:06:55,440 - INFO - Grabbing banners from 2 open ports using 10 threads
2025-05-17 21:06:55,440 - INFO - Grabbing banners from 2 open ports using 10 threads
2025-05-17 21:06:55,440 - INFO - Grabbing banners from 2 open ports using 10 threads
2025-05-17 21:06:55,440 - INFO - Grabbing banners from 2 open ports using 10 threads
2025-05-17 21:06:55,440 - INFO - Grabbing banners from 2 open ports using 10 threads
2025-05-17 21:06:55,440 - INFO - Grabbing banners from 2 open ports using 10 threads
2025-05-17 21:06:55,440 - INFO - Grabbing banners from 2 open ports using 10 threads
2025-05-17 21:06:55,988 - INFO - [INFO] Found 1 potential web servers. Starting web scan...
2025-05-17 21:06:55,988 - INFO - [INFO] Found 1 potential web servers. Starting web scan...
2025-05-17 21:06:55,988 - INFO - [INFO] Found 1 potential web servers. Starting web scan...
2025-05-17 21:06:55,988 - INFO - [INFO] Found 1 potential web servers. Starting web scan...
2025-05-17 21:06:55,988 - INFO - [INFO] Found 1 potential web servers. Starting web scan...
2025-05-17 21:06:55,988 - INFO - [INFO] Found 1 potential web servers. Starting web scan...
2025-05-17 21:06:55,988 - INFO - [INFO] Found 1 potential web servers. Starting web scan...
2025-05-17 21:06:55,989 - INFO - [INFO] Scanning web server at http://scanme.nmap.org:80
2025-05-17 21:06:55,989 - INFO - [INFO] Scanning web server at http://scanme.nmap.org:80
2025-05-17 21:06:55,989 - INFO - [INFO] Scanning web server at http://scanme.nmap.org:80
2025-05-17 21:06:55,989 - INFO - [INFO] Scanning web server at http://scanme.nmap.org:80
2025-05-17 21:06:55,989 - INFO - [INFO] Scanning web server at http://scanme.nmap.org:80
2025-05-17 21:06:55,989 - INFO - [INFO] Scanning web server at http://scanme.nmap.org:80
2025-05-17 21:06:55,989 - INFO - [INFO] Scanning web server at http://scanme.nmap.org:80
2025-05-17 21:06:59,977 - INFO - [INFO] Starting directory bruteforce on http://scanme.nmap.org:80
2025-05-17 21:06:59,977 - INFO - [INFO] Starting directory bruteforce on http://scanme.nmap.org:80
2025-05-17 21:06:59,977 - INFO - [INFO] Starting directory bruteforce on http://scanme.nmap.org:80
2025-05-17 21:06:59,977 - INFO - [INFO] Starting directory bruteforce on http://scanme.nmap.org:80
2025-05-17 21:06:59,977 - INFO - [INFO] Starting directory bruteforce on http://scanme.nmap.org:80
2025-05-17 21:06:59,977 - INFO - [INFO] Starting directory bruteforce on http://scanme.nmap.org:80
2025-05-17 21:06:59,977 - INFO - [INFO] Starting directory bruteforce on http://scanme.nmap.org:80
2025-05-17 21:06:59,977 - INFO - [INFO] Starting directory bruteforce on http://scanme.nmap.org:80 with 44 words
2025-05-17 21:06:59,977 - INFO - [INFO] Starting directory bruteforce on http://scanme.nmap.org:80 with 44 words
2025-05-17 21:06:59,977 - INFO - [INFO] Starting directory bruteforce on http://scanme.nmap.org:80 with 44 words
2025-05-17 21:06:59,977 - INFO - [INFO] Starting directory bruteforce on http://scanme.nmap.org:80 with 44 words
2025-05-17 21:06:59,977 - INFO - [INFO] Starting directory bruteforce on http://scanme.nmap.org:80 with 44 words
2025-05-17 21:06:59,977 - INFO - [INFO] Starting directory bruteforce on http://scanme.nmap.org:80 with 44 words
2025-05-17 21:06:59,977 - INFO - [INFO] Starting directory bruteforce on http://scanme.nmap.org:80 with 44 words
2025-05-17 21:07:01,092 - INFO - [SUCCESS] Found: http://scanme.nmap.org:80/images (301)
2025-05-17 21:07:01,092 - INFO - [SUCCESS] Found: http://scanme.nmap.org:80/images (301)
2025-05-17 21:07:01,092 - INFO - [SUCCESS] Found: http://scanme.nmap.org:80/images (301)
2025-05-17 21:07:01,092 - INFO - [SUCCESS] Found: http://scanme.nmap.org:80/images (301)
2025-05-17 21:07:01,092 - INFO - [SUCCESS] Found: http://scanme.nmap.org:80/images (301)
2025-05-17 21:07:01,092 - INFO - [SUCCESS] Found: http://scanme.nmap.org:80/images (301)
2025-05-17 21:07:01,092 - INFO - [SUCCESS] Found: http://scanme.nmap.org:80/images (301)
2025-05-17 21:07:01,562 - INFO - [INFO] Looking up CVEs based on service banners...
2025-05-17 21:07:01,562 - INFO - [INFO] Looking up CVEs based on service banners...
2025-05-17 21:07:01,562 - INFO - [INFO] Looking up CVEs based on service banners...
2025-05-17 21:07:01,562 - INFO - [INFO] Looking up CVEs based on service banners...
2025-05-17 21:07:01,562 - INFO - [INFO] Looking up CVEs based on service banners...
2025-05-17 21:07:01,562 - INFO - [INFO] Looking up CVEs based on service banners...
2025-05-17 21:07:01,562 - INFO - [INFO] Looking up CVEs based on service banners...
2025-05-17 21:07:01,563 - INFO - [INFO] Checking for common vulnerabilities...
2025-05-17 21:07:01,563 - INFO - [INFO] Checking for common vulnerabilities...
2025-05-17 21:07:01,563 - INFO - [INFO] Checking for common vulnerabilities...
2025-05-17 21:07:01,563 - INFO - [INFO] Checking for common vulnerabilities...
2025-05-17 21:07:01,563 - INFO - [INFO] Checking for common vulnerabilities...
2025-05-17 21:07:01,563 - INFO - [INFO] Checking for common vulnerabilities...
2025-05-17 21:07:01,563 - INFO - [INFO] Checking for common vulnerabilities...
2025-05-17 21:07:01,563 - INFO - [INFO] Generating report...
2025-05-17 21:07:01,563 - INFO - [INFO] Generating report...
2025-05-17 21:07:01,563 - INFO - [INFO] Generating report...
2025-05-17 21:07:01,563 - INFO - [INFO] Generating report...
2025-05-17 21:07:01,563 - INFO - [INFO] Generating report...
2025-05-17 21:07:01,563 - INFO - [INFO] Generating report...
2025-05-17 21:07:01,563 - INFO - [INFO] Generating report...
2025-05-17 21:07:01,565 - INFO - [SUCCESS] Report generated: scan_report_20250517_210701.json
2025-05-17 21:07:01,565 - INFO - [SUCCESS] Report generated: scan_report_20250517_210701.json
2025-05-17 21:07:01,565 - INFO - [SUCCESS] Report generated: scan_report_20250517_210701.json
2025-05-17 21:07:01,565 - INFO - [SUCCESS] Report generated: scan_report_20250517_210701.json
2025-05-17 21:07:01,565 - INFO - [SUCCESS] Report generated: scan_report_20250517_210701.json
2025-05-17 21:07:01,565 - INFO - [SUCCESS] Report generated: scan_report_20250517_210701.json
2025-05-17 21:07:01,565 - INFO - [SUCCESS] Report generated: scan_report_20250517_210701.json
2025-05-17 21:07:01,565 - INFO - [INFO] Report saved as scan_report_20250517_210701.json
2025-05-17 21:07:01,565 - INFO - [INFO] Report saved as scan_report_20250517_210701.json
2025-05-17 21:07:01,565 - INFO - [INFO] Report saved as scan_report_20250517_210701.json
2025-05-17 21:07:01,565 - INFO - [INFO] Report saved as scan_report_20250517_210701.json
2025-05-17 21:07:01,565 - INFO - [INFO] Report saved as scan_report_20250517_210701.json
2025-05-17 21:07:01,565 - INFO - [INFO] Report saved as scan_report_20250517_210701.json
2025-05-17 21:07:01,565 - INFO - [INFO] Report saved as scan_report_20250517_210701.json
